# JRE version: Java(TM) SE Runtime Environment (8.0_77-b03) (build 1.8.0_77-b03)
# Java VM: Java HotSpot(TM) 64-Bit Server VM (25.77-b03 mixed mode windows-amd64 compressed oops)
Heap:
 PSYoungGen      total 275456K, used 41274K [0x00000000eab00000, 0x0000000100000000, 0x0000000100000000)
  eden space 204800K, 18% used [0x00000000eab00000,0x00000000ed0fa4b8,0x00000000f7300000)
  from space 70656K, 3% used [0x00000000fbb00000,0x00000000fbd54688,0x0000000100000000)
  to   space 72192K, 0% used [0x00000000f7300000,0x00000000f7300000,0x00000000fb980000)
 ParOldGen       total 456704K, used 191887K [0x00000000c0000000, 0x00000000dbe00000, 0x00000000eab00000)
  object space 456704K, 42% used [0x00000000c0000000,0x00000000cbb63cb8,0x00000000dbe00000)
 Metaspace       used 75475K, capacity 78994K, committed 79232K, reserved 1118208K
  class space    used 10082K, capacity 10766K, committed 10880K, reserved 1048576K
GC Heap History (10 events):
Event: 14.688 GC heap before
{Heap before GC invocations=15 (full 3):
 PSYoungGen      total 302592K, used 302342K [0x00000000eab00000, 0x0000000100000000, 0x0000000100000000)
  eden space 269312K, 100% used [0x00000000eab00000,0x00000000fb200000,0x00000000fb200000)
  from space 33280K, 99% used [0x00000000fb200000,0x00000000fd241828,0x00000000fd280000)
  to   space 43008K, 0% used [0x00000000fd600000,0x00000000fd600000,0x0000000100000000)
 ParOldGen       total 456704K, used 55698K [0x00000000c0000000, 0x00000000dbe00000, 0x00000000eab00000)
  object space 456704K, 12% used [0x00000000c0000000,0x00000000c3664a50,0x00000000dbe00000)
 Metaspace       used 70541K, capacity 73570K, committed 73728K, reserved 1112064K
  class space    used 9581K, capacity 10222K, committed 10240K, reserved 1048576K
Event: 14.729 GC heap after
Heap after GC invocations=15 (full 3):
 PSYoungGen      total 280576K, used 43001K [0x00000000eab00000, 0x0000000100000000, 0x0000000100000000)
  eden space 237568K, 0% used [0x00000000eab00000,0x00000000eab00000,0x00000000f9300000)
  from space 43008K, 99% used [0x00000000fd600000,0x00000000ffffe4c0,0x0000000100000000)
  to   space 55808K, 0% used [0x00000000f9300000,0x00000000f9300000,0x00000000fc980000)
 ParOldGen       total 456704K, used 75384K [0x00000000c0000000, 0x00000000dbe00000, 0x00000000eab00000)
  object space 456704K, 16% used [0x00000000c0000000,0x00000000c499e1c8,0x00000000dbe00000)
 Metaspace       used 70541K, capacity 73570K, committed 73728K, reserved 1112064K
  class space    used 9581K, capacity 10222K, committed 10240K, reserved 1048576K
}
Event: 15.990 GC heap before
{Heap before GC invocations=16 (full 3):
 PSYoungGen      total 280576K, used 280569K [0x00000000eab00000, 0x0000000100000000, 0x0000000100000000)
  eden space 237568K, 100% used [0x00000000eab00000,0x00000000f9300000,0x00000000f9300000)
  from space 43008K, 99% used [0x00000000fd600000,0x00000000ffffe4c0,0x0000000100000000)
  to   space 55808K, 0% used [0x00000000f9300000,0x00000000f9300000,0x00000000fc980000)
 ParOldGen       total 456704K, used 75384K [0x00000000c0000000, 0x00000000dbe00000, 0x00000000eab00000)
  object space 456704K, 16% used [0x00000000c0000000,0x00000000c499e1c8,0x00000000dbe00000)
 Metaspace       used 70671K, capacity 73816K, committed 73984K, reserved 1114112K
  class space    used 9593K, capacity 10233K, committed 10240K, reserved 1048576K
Event: 16.051 GC heap after
Heap after GC invocations=16 (full 3):
 PSYoungGen      total 293376K, used 55785K [0x00000000eab00000, 0x0000000100000000, 0x0000000100000000)
  eden space 237568K, 0% used [0x00000000eab00000,0x00000000eab00000,0x00000000f9300000)
  from space 55808K, 99% used [0x00000000f9300000,0x00000000fc97a710,0x00000000fc980000)
  to   space 55808K, 0% used [0x00000000fc980000,0x00000000fc980000,0x0000000100000000)
 ParOldGen       total 456704K, used 98286K [0x00000000c0000000, 0x00000000dbe00000, 0x00000000eab00000)
  object space 456704K, 21% used [0x00000000c0000000,0x00000000c5ffbbc0,0x00000000dbe00000)
 Metaspace       used 70671K, capacity 73816K, committed 73984K, reserved 1114112K
  class space    used 9593K, capacity 10233K, committed 10240K, reserved 1048576K
}
Event: 19.341 GC heap before
{Heap before GC invocations=17 (full 3):
 PSYoungGen      total 293376K, used 292950K [0x00000000eab00000, 0x0000000100000000, 0x0000000100000000)
  eden space 237568K, 99% used [0x00000000eab00000,0x00000000f929b490,0x00000000f9300000)
  from space 55808K, 99% used [0x00000000f9300000,0x00000000fc97a710,0x00000000fc980000)
  to   space 55808K, 0% used [0x00000000fc980000,0x00000000fc980000,0x0000000100000000)
 ParOldGen       total 456704K, used 98880K [0x00000000c0000000, 0x00000000dbe00000, 0x00000000eab00000)
  object space 456704K, 21% used [0x00000000c0000000,0x00000000c6090128,0x00000000dbe00000)
 Metaspace       used 72150K, capacity 75482K, committed 75776K, reserved 1114112K
  class space    used 9788K, capacity 10436K, committed 10496K, reserved 1048576K
Event: 19.377 GC heap after
Heap after GC invocations=17 (full 3):
 PSYoungGen      total 267776K, used 32426K [0x00000000eab00000, 0x0000000100000000, 0x0000000100000000)
  eden space 211968K, 0% used [0x00000000eab00000,0x00000000eab00000,0x00000000f7a00000)
  from space 55808K, 58% used [0x00000000fc980000,0x00000000fe92a940,0x0000000100000000)
  to   space 68608K, 0% used [0x00000000f7a00000,0x00000000f7a00000,0x00000000fbd00000)
 ParOldGen       total 456704K, used 107884K [0x00000000c0000000, 0x00000000dbe00000, 0x00000000eab00000)
  object space 456704K, 23% used [0x00000000c0000000,0x00000000c695b318,0x00000000dbe00000)
 Metaspace       used 72150K, capacity 75482K, committed 75776K, reserved 1114112K
  class space    used 9788K, capacity 10436K, committed 10496K, reserved 1048576K
}
Event: 19.696 GC heap before
{Heap before GC invocations=18 (full 3):
 PSYoungGen      total 267776K, used 244198K [0x00000000eab00000, 0x0000000100000000, 0x0000000100000000)
  eden space 211968K, 99% used [0x00000000eab00000,0x00000000f79cf1a0,0x00000000f7a00000)
  from space 55808K, 58% used [0x00000000fc980000,0x00000000fe92a940,0x0000000100000000)
  to   space 68608K, 0% used [0x00000000f7a00000,0x00000000f7a00000,0x00000000fbd00000)
 ParOldGen       total 456704K, used 172397K [0x00000000c0000000, 0x00000000dbe00000, 0x00000000eab00000)
  object space 456704K, 37% used [0x00000000c0000000,0x00000000ca85b708,0x00000000dbe00000)
 Metaspace       used 72386K, capacity 75782K, committed 75904K, reserved 1114112K
  class space    used 9823K, capacity 10510K, committed 10624K, reserved 1048576K
Event: 19.715 GC heap after
Heap after GC invocations=18 (full 3):
 PSYoungGen      total 258560K, used 46317K [0x00000000eab00000, 0x0000000100000000, 0x0000000100000000)
  eden space 211968K, 0% used [0x00000000eab00000,0x00000000eab00000,0x00000000f7a00000)
  from space 46592K, 99% used [0x00000000f7a00000,0x00000000fa73b6c0,0x00000000fa780000)
  to   space 70656K, 0% used [0x00000000fbb00000,0x00000000fbb00000,0x0000000100000000)
 ParOldGen       total 456704K, used 182261K [0x00000000c0000000, 0x00000000dbe00000, 0x00000000eab00000)
  object space 456704K, 39% used [0x00000000c0000000,0x00000000cb1fd768,0x00000000dbe00000)
 Metaspace       used 72386K, capacity 75782K, committed 75904K, reserved 1114112K
  class space    used 9823K, capacity 10510K, committed 10624K, reserved 1048576K
}
Event: 21.980 GC heap before
{Heap before GC invocations=19 (full 3):
 PSYoungGen      total 258560K, used 258285K [0x00000000eab00000, 0x0000000100000000, 0x0000000100000000)
  eden space 211968K, 100% used [0x00000000eab00000,0x00000000f7a00000,0x00000000f7a00000)
  from space 46592K, 99% used [0x00000000f7a00000,0x00000000fa73b6c0,0x00000000fa780000)
  to   space 70656K, 0% used [0x00000000fbb00000,0x00000000fbb00000,0x0000000100000000)
 ParOldGen       total 456704K, used 182261K [0x00000000c0000000, 0x00000000dbe00000, 0x00000000eab00000)
  object space 456704K, 39% used [0x00000000c0000000,0x00000000cb1fd768,0x00000000dbe00000)
 Metaspace       used 74703K, capacity 78144K, committed 78336K, reserved 1116160K
  class space    used 10030K, capacity 10715K, committed 10752K, reserved 1048576K
Event: 21.991 GC heap after
Heap after GC invocations=19 (full 3):
 PSYoungGen      total 275456K, used 2385K [0x00000000eab00000, 0x0000000100000000, 0x0000000100000000)
  eden space 204800K, 0% used [0x00000000eab00000,0x00000000eab00000,0x00000000f7300000)
  from space 70656K, 3% used [0x00000000fbb00000,0x00000000fbd54688,0x0000000100000000)
  to   space 72192K, 0% used [0x00000000f7300000,0x00000000f7300000,0x00000000fb980000)
 ParOldGen       total 456704K, used 191887K [0x00000000c0000000, 0x00000000dbe00000, 0x00000000eab00000)
  object space 456704K, 42% used [0x00000000c0000000,0x00000000cbb63cb8,0x00000000dbe00000)
 Metaspace       used 74703K, capacity 78144K, committed 78336K, reserved 1116160K
  class space    used 10030K, capacity 10715K, committed 10752K, reserved 1048576K
}

